2026-04-15 13:00:00,448 [INFO] Swapped offline_buffer.npz <- real_unified.npz
2026-04-15 13:00:00,450 [INFO] === world_model_real attempt 1/2 ===
2026-04-15 13:00:02,066 [INFO] ============================================================
2026-04-15 13:00:02,066 [INFO] World Model Training
2026-04-15 13:00:02,066 [INFO]   Epochs: 20 | Batch: 1024 | LR: 3e-04 | Device: cuda
2026-04-15 13:00:02,066 [INFO] ============================================================
2026-04-15 13:00:09,308 [INFO]   Epoch 1/20 | state=0.014705 | reward=0.028040 | done=0.087890 | total=0.051533
2026-04-15 13:00:24,195 [INFO]   Epoch 5/20 | state=0.001046 | reward=0.021500 | done=0.000314 | total=0.022577
2026-04-15 13:00:42,718 [INFO]   Epoch 10/20 | state=0.000398 | reward=0.021412 | done=0.000087 | total=0.021818
2026-04-15 13:01:01,434 [INFO]   Epoch 15/20 | state=0.000217 | reward=0.021459 | done=0.000074 | total=0.021683
2026-04-15 13:01:22,974 [INFO]   Epoch 20/20 | state=0.000138 | reward=0.021269 | done=0.000047 | total=0.021412
2026-04-15 13:01:22,978 [INFO] World model training done in 1.3 min. Best loss: 0.021412
2026-04-15 13:01:23,212 [INFO] Saved world_model_real.pt
2026-04-15 13:01:23,212 [INFO] === world_model_real OK (82.8s) ===
2026-04-15 13:01:23,212 [INFO] === rssm_real attempt 1/2 ===
2026-04-15 13:01:24,858 [INFO] RSSM params: 902,554
2026-04-15 13:01:26,343 [INFO]   RSSM epoch  1: total=0.1369 state=0.0200 reward=0.0557 kl=0.0484 best=0.1369
2026-04-15 13:01:27,666 [INFO]   RSSM epoch  2: total=0.0444 state=0.0075 reward=0.0279 kl=0.0091 best=0.0444
2026-04-15 13:01:29,080 [INFO]   RSSM epoch  3: total=0.0298 state=0.0070 reward=0.0220 kl=0.0043 best=0.0298
2026-04-15 13:01:30,275 [INFO]   RSSM epoch  4: total=0.0285 state=0.0067 reward=0.0214 kl=0.0031 best=0.0285
2026-04-15 13:01:31,336 [INFO]   RSSM epoch  5: total=0.0282 state=0.0064 reward=0.0214 kl=0.0026 best=0.0282
2026-04-15 13:01:32,433 [INFO]   RSSM epoch  6: total=0.0276 state=0.0063 reward=0.0210 kl=0.0022 best=0.0276
2026-04-15 13:01:33,461 [INFO]   RSSM epoch  7: total=0.0274 state=0.0061 reward=0.0210 kl=0.0019 best=0.0274
2026-04-15 13:01:34,564 [INFO]   RSSM epoch  8: total=0.0271 state=0.0058 reward=0.0211 kl=0.0017 best=0.0271
2026-04-15 13:01:35,617 [INFO]   RSSM epoch  9: total=0.0267 state=0.0055 reward=0.0210 kl=0.0015 best=0.0267
2026-04-15 13:01:36,648 [INFO]   RSSM epoch 10: total=0.0264 state=0.0053 reward=0.0209 kl=0.0013 best=0.0264
2026-04-15 13:01:36,658 [INFO] === rssm_real OK (13.4s) ===
2026-04-15 13:01:36,658 [INFO] Phase C results: {'world_model': WindowsPath('C:/Users/Dell/Desktop/Sleep-Token/rl/checkpoints/world_model_real.pt'), 'rssm': WindowsPath('C:/Users/Dell/Desktop/Sleep-Token/rl/checkpoints/rssm_real.pt')}
2026-04-15 13:01:36,662 [INFO] Restored simulated offline_buffer.npz
2026-04-15 13:01:36,662 [INFO] Phase C done.
