2026-04-16 03:23:46,423 [INFO] === N/BC_v2 attempt 1/2 ===
2026-04-16 03:23:49,118 [INFO] BC v2: 200 epochs, batch 1024, lr 0.0003, factorized head
2026-04-16 03:23:51,123 [INFO]   BC ep   1/200 loss=3.8972 val type=0.702 node=0.387 full=0.288
2026-04-16 03:24:04,240 [INFO]   BC ep  10/200 loss=1.7085 val type=0.865 node=0.397 full=0.364
2026-04-16 03:24:21,263 [INFO]   BC ep  20/200 loss=1.6615 val type=0.865 node=0.404 full=0.374
2026-04-16 03:24:40,394 [INFO]   BC ep  30/200 loss=1.6573 val type=0.865 node=0.400 full=0.370
2026-04-16 03:24:57,494 [INFO]   BC ep  40/200 loss=1.6509 val type=0.865 node=0.404 full=0.373
2026-04-16 03:25:13,598 [INFO]   BC ep  50/200 loss=1.6495 val type=0.864 node=0.405 full=0.375
2026-04-16 03:25:29,232 [INFO]   BC ep  60/200 loss=1.6459 val type=0.865 node=0.406 full=0.370
2026-04-16 03:25:51,159 [INFO]   BC ep  70/200 loss=1.6442 val type=0.865 node=0.405 full=0.370
2026-04-16 03:26:08,040 [INFO]   BC ep  80/200 loss=1.6418 val type=0.864 node=0.403 full=0.369
2026-04-16 03:26:26,401 [INFO]   BC ep  90/200 loss=1.6402 val type=0.865 node=0.407 full=0.373
2026-04-16 03:26:45,794 [INFO]   BC ep 100/200 loss=1.6385 val type=0.866 node=0.408 full=0.373
2026-04-16 03:27:02,363 [INFO]   BC ep 110/200 loss=1.6369 val type=0.866 node=0.408 full=0.372
2026-04-16 03:27:17,239 [INFO]   BC ep 120/200 loss=1.6354 val type=0.868 node=0.406 full=0.374
2026-04-16 03:27:31,867 [INFO]   BC ep 130/200 loss=1.6339 val type=0.868 node=0.407 full=0.373
2026-04-16 03:27:50,775 [INFO]   BC ep 140/200 loss=1.6330 val type=0.868 node=0.407 full=0.375
2026-04-16 03:28:08,436 [INFO]   BC ep 150/200 loss=1.6318 val type=0.868 node=0.406 full=0.374
2026-04-16 03:28:27,839 [INFO]   BC ep 160/200 loss=1.6306 val type=0.868 node=0.407 full=0.374
2026-04-16 03:28:47,206 [INFO]   BC ep 170/200 loss=1.6297 val type=0.867 node=0.409 full=0.374
2026-04-16 03:29:11,866 [INFO]   BC ep 180/200 loss=1.6293 val type=0.868 node=0.407 full=0.373
2026-04-16 03:29:29,303 [INFO]   BC ep 190/200 loss=1.6289 val type=0.869 node=0.407 full=0.374
2026-04-16 03:29:45,524 [INFO]   BC ep 200/200 loss=1.6285 val type=0.869 node=0.407 full=0.374
2026-04-16 03:29:45,524 [INFO] BC v2 done 356s, best val full=0.3749
2026-04-16 03:29:45,585 [INFO] === N/BC_v2 OK (359s) ===
2026-04-16 03:29:45,585 [INFO] === N/CQL_v2 attempt 1/2 ===
2026-04-16 03:29:46,841 [INFO] CQL v2: 300,000 steps, factorized twin-Q, wider (512)
2026-04-16 03:29:47,102 [INFO]   CQL step 1/300,000 bellman=0.286 cql_pen=11.260 val type=0.442 node=0.070 full=0.007
2026-04-16 03:31:17,080 [INFO]   CQL step 15,000/300,000 bellman=0.679 cql_pen=3.347 val type=0.864 node=0.406 full=0.369
2026-04-16 03:32:39,410 [INFO]   CQL step 30,000/300,000 bellman=0.790 cql_pen=3.171 val type=0.864 node=0.407 full=0.372
2026-04-16 03:34:04,399 [INFO]   CQL step 45,000/300,000 bellman=0.930 cql_pen=3.237 val type=0.867 node=0.410 full=0.376
2026-04-16 03:35:24,536 [INFO]   CQL step 60,000/300,000 bellman=0.801 cql_pen=3.305 val type=0.868 node=0.407 full=0.373
2026-04-16 03:36:39,855 [INFO]   CQL step 75,000/300,000 bellman=0.708 cql_pen=3.222 val type=0.869 node=0.407 full=0.373
2026-04-16 03:37:57,103 [INFO]   CQL step 90,000/300,000 bellman=0.669 cql_pen=3.196 val type=0.869 node=0.408 full=0.374
2026-04-16 03:39:15,363 [INFO]   CQL step 105,000/300,000 bellman=0.675 cql_pen=3.052 val type=0.869 node=0.403 full=0.369
2026-04-16 03:40:32,436 [INFO]   CQL step 120,000/300,000 bellman=0.746 cql_pen=3.157 val type=0.867 node=0.407 full=0.373
2026-04-16 03:41:51,124 [INFO]   CQL step 135,000/300,000 bellman=0.957 cql_pen=3.207 val type=0.868 node=0.404 full=0.370
2026-04-16 03:43:10,938 [INFO]   CQL step 150,000/300,000 bellman=0.604 cql_pen=3.017 val type=0.869 node=0.404 full=0.371
2026-04-16 03:44:30,623 [INFO]   CQL step 165,000/300,000 bellman=0.778 cql_pen=3.065 val type=0.869 node=0.405 full=0.370
2026-04-16 03:45:54,850 [INFO]   CQL step 180,000/300,000 bellman=0.748 cql_pen=2.913 val type=0.866 node=0.401 full=0.367
2026-04-16 03:47:15,096 [INFO]   CQL step 195,000/300,000 bellman=0.889 cql_pen=3.098 val type=0.868 node=0.402 full=0.368
2026-04-16 03:48:36,215 [INFO]   CQL step 210,000/300,000 bellman=1.176 cql_pen=3.085 val type=0.867 node=0.403 full=0.369
2026-04-16 03:49:55,385 [INFO]   CQL step 225,000/300,000 bellman=0.892 cql_pen=3.107 val type=0.867 node=0.402 full=0.367
2026-04-16 03:51:13,208 [INFO]   CQL step 240,000/300,000 bellman=0.809 cql_pen=3.188 val type=0.867 node=0.404 full=0.370
2026-04-16 03:52:33,131 [INFO]   CQL step 255,000/300,000 bellman=0.957 cql_pen=3.076 val type=0.867 node=0.403 full=0.370
2026-04-16 03:53:53,715 [INFO]   CQL step 270,000/300,000 bellman=1.057 cql_pen=3.008 val type=0.867 node=0.401 full=0.367
2026-04-16 03:55:15,189 [INFO]   CQL step 285,000/300,000 bellman=1.196 cql_pen=3.031 val type=0.866 node=0.404 full=0.369
2026-04-16 03:56:36,497 [INFO]   CQL step 300,000/300,000 bellman=1.301 cql_pen=2.838 val type=0.867 node=0.402 full=0.368
2026-04-16 03:56:36,497 [INFO] CQL v2 done 1610s, best val full=0.3760
2026-04-16 03:56:36,537 [INFO] === N/CQL_v2 OK (1611s) ===
2026-04-16 03:56:36,537 [INFO] === N/IQL_v2 attempt 1/2 ===
2026-04-16 03:56:37,746 [INFO] IQL v2: 300,000 steps, factorized actor + twin-Q + V, expectile=0.7
2026-04-16 03:56:37,838 [INFO]   IQL step 1/300,000 q=0.235 v=0.000 a=5.672 val type=0.158 node=0.061 full=0.000
2026-04-16 03:58:01,681 [INFO]   IQL step 15,000/300,000 q=0.340 v=0.015 a=1.623 val type=0.865 node=0.404 full=0.370
2026-04-16 03:59:25,765 [INFO]   IQL step 30,000/300,000 q=0.307 v=0.017 a=1.518 val type=0.869 node=0.407 full=0.373
2026-04-16 04:00:52,673 [INFO]   IQL step 45,000/300,000 q=0.227 v=0.016 a=1.431 val type=0.868 node=0.407 full=0.373
2026-04-16 04:02:20,715 [INFO]   IQL step 60,000/300,000 q=0.302 v=0.015 a=1.383 val type=0.868 node=0.407 full=0.373
2026-04-16 04:03:48,958 [INFO]   IQL step 75,000/300,000 q=0.310 v=0.019 a=1.453 val type=0.866 node=0.402 full=0.369
2026-04-16 04:05:15,335 [INFO]   IQL step 90,000/300,000 q=0.289 v=0.013 a=1.381 val type=0.868 node=0.399 full=0.365
2026-04-16 04:06:39,723 [INFO]   IQL step 105,000/300,000 q=0.266 v=0.016 a=1.386 val type=0.866 node=0.398 full=0.366
2026-04-16 04:08:03,831 [INFO]   IQL step 120,000/300,000 q=0.315 v=0.020 a=1.303 val type=0.868 node=0.398 full=0.366
2026-04-16 04:09:29,339 [INFO]   IQL step 135,000/300,000 q=0.270 v=0.016 a=1.274 val type=0.869 node=0.397 full=0.366
2026-04-16 04:10:54,615 [INFO]   IQL step 150,000/300,000 q=0.268 v=0.025 a=1.266 val type=0.868 node=0.392 full=0.361
2026-04-16 04:12:20,133 [INFO]   IQL step 165,000/300,000 q=0.356 v=0.020 a=1.315 val type=0.867 node=0.392 full=0.360
2026-04-16 04:13:47,301 [INFO]   IQL step 180,000/300,000 q=0.293 v=0.019 a=1.295 val type=0.867 node=0.396 full=0.364
2026-04-16 04:15:10,210 [INFO]   IQL step 195,000/300,000 q=0.270 v=0.020 a=1.229 val type=0.868 node=0.392 full=0.361
2026-04-16 04:16:36,009 [INFO]   IQL step 210,000/300,000 q=0.351 v=0.024 a=1.161 val type=0.867 node=0.391 full=0.360
2026-04-16 04:18:02,531 [INFO]   IQL step 225,000/300,000 q=0.249 v=0.016 a=1.234 val type=0.867 node=0.388 full=0.357
2026-04-16 04:19:29,621 [INFO]   IQL step 240,000/300,000 q=0.284 v=0.023 a=1.223 val type=0.867 node=0.390 full=0.358
2026-04-16 04:20:56,185 [INFO]   IQL step 255,000/300,000 q=0.238 v=0.024 a=1.289 val type=0.868 node=0.388 full=0.358
2026-04-16 04:22:19,874 [INFO]   IQL step 270,000/300,000 q=0.345 v=0.019 a=1.088 val type=0.867 node=0.390 full=0.359
2026-04-16 04:23:43,059 [INFO]   IQL step 285,000/300,000 q=0.322 v=0.020 a=1.087 val type=0.867 node=0.385 full=0.355
2026-04-16 04:25:08,965 [INFO]   IQL step 300,000/300,000 q=0.308 v=0.026 a=1.146 val type=0.869 node=0.386 full=0.356
2026-04-16 04:25:08,965 [INFO] IQL v2 done 1711s, best val full=0.3733
2026-04-16 04:25:08,997 [INFO] === N/IQL_v2 OK (1712s) ===
2026-04-16 04:25:08,997 [INFO] === N/TD3BC_v2 attempt 1/2 ===
2026-04-16 04:25:10,081 [INFO] TD3+BC v2: 300,000 steps, factorized, alpha_bc=2.5
2026-04-16 04:25:10,094 [INFO]   TD3+BC step 1/300,000 q=0.278 val type=0.427 node=0.071 full=0.000
2026-04-16 04:26:10,137 [INFO]   TD3+BC step 15,000/300,000 q=0.407 val type=0.864 node=0.404 full=0.370
2026-04-16 04:27:11,953 [INFO]   TD3+BC step 30,000/300,000 q=0.433 val type=0.867 node=0.405 full=0.373
2026-04-16 04:28:19,215 [INFO]   TD3+BC step 45,000/300,000 q=0.359 val type=0.868 node=0.407 full=0.374
2026-04-16 04:29:33,088 [INFO]   TD3+BC step 60,000/300,000 q=0.408 val type=0.870 node=0.405 full=0.372
2026-04-16 04:30:52,897 [INFO]   TD3+BC step 75,000/300,000 q=0.377 val type=0.868 node=0.408 full=0.375
2026-04-16 04:32:15,456 [INFO]   TD3+BC step 90,000/300,000 q=0.351 val type=0.868 node=0.406 full=0.373
2026-04-16 04:33:52,981 [INFO]   TD3+BC step 105,000/300,000 q=0.381 val type=0.868 node=0.411 full=0.376
2026-04-16 04:35:39,035 [INFO]   TD3+BC step 120,000/300,000 q=0.433 val type=0.868 node=0.405 full=0.371
2026-04-16 04:37:24,981 [INFO]   TD3+BC step 135,000/300,000 q=0.393 val type=0.868 node=0.407 full=0.374
2026-04-16 04:38:54,006 [INFO]   TD3+BC step 150,000/300,000 q=0.402 val type=0.866 node=0.406 full=0.373
2026-04-16 04:39:24,385 [ERROR] TD3BC_v2 attempt 1 FAILED: CUDA error: out of memory
CUDA kernel errors might be asynchronously reported at some other API call, so the stacktrace below might be incorrect.
For debugging consider passing CUDA_LAUNCH_BLOCKING=1.
Compile with `TORCH_USE_CUDA_DSA` to enable device-side assertions.

Traceback (most recent call last):
  File "C:\Users\Dell\Desktop\Sleep-Token\train_phase_n.py", line 26, in retry
    r = fn()
        ^^^^
  File "C:\Users\Dell\Desktop\Sleep-Token\train_phase_n.py", line 43, in <lambda>
    retry(lambda: train_td3bc_v2(n_steps=300_000, batch_size=512), "TD3BC_v2")
                  ^^^^^^^^^^^^^^^^^^^^^^^^^^^^^^^^^^^^^^^^^^^^^^^
  File "C:\Users\Dell\Desktop\Sleep-Token\rl\offline\baselines_v2.py", line 427, in train_td3bc_v2
    opt_q.zero_grad(); q_loss.backward(); opt_q.step()
                       ^^^^^^^^^^^^^^^^^
  File "C:\Users\Dell\Desktop\Sleep-Token\.venv\Lib\site-packages\torch\_tensor.py", line 492, in backward
    torch.autograd.backward(
  File "C:\Users\Dell\Desktop\Sleep-Token\.venv\Lib\site-packages\torch\autograd\__init__.py", line 251, in backward
    Variable._execution_engine.run_backward(  # Calls into the C++ engine to run the backward pass
RuntimeError: CUDA error: out of memory
CUDA kernel errors might be asynchronously reported at some other API call, so the stacktrace below might be incorrect.
For debugging consider passing CUDA_LAUNCH_BLOCKING=1.
Compile with `TORCH_USE_CUDA_DSA` to enable device-side assertions.

2026-04-16 04:39:24,687 [INFO] === N/TD3BC_v2 attempt 2/2 ===
2026-04-16 04:39:26,559 [ERROR] TD3BC_v2 attempt 2 FAILED: CUDA error: out of memory
CUDA kernel errors might be asynchronously reported at some other API call, so the stacktrace below might be incorrect.
For debugging consider passing CUDA_LAUNCH_BLOCKING=1.
Compile with `TORCH_USE_CUDA_DSA` to enable device-side assertions.

Traceback (most recent call last):
  File "C:\Users\Dell\Desktop\Sleep-Token\train_phase_n.py", line 26, in retry
    r = fn()
        ^^^^
  File "C:\Users\Dell\Desktop\Sleep-Token\train_phase_n.py", line 43, in <lambda>
    retry(lambda: train_td3bc_v2(n_steps=300_000, batch_size=512), "TD3BC_v2")
                  ^^^^^^^^^^^^^^^^^^^^^^^^^^^^^^^^^^^^^^^^^^^^^^^
  File "C:\Users\Dell\Desktop\Sleep-Token\rl\offline\baselines_v2.py", line 383, in train_td3bc_v2
    states = torch.from_numpy(train["states"].astype(np.float32)).to(device)
             ^^^^^^^^^^^^^^^^^^^^^^^^^^^^^^^^^^^^^^^^^^^^^^^^^^^^^^^^^^^^^^^
RuntimeError: CUDA error: out of memory
CUDA kernel errors might be asynchronously reported at some other API call, so the stacktrace below might be incorrect.
For debugging consider passing CUDA_LAUNCH_BLOCKING=1.
Compile with `TORCH_USE_CUDA_DSA` to enable device-side assertions.

2026-04-16 04:39:26,566 [INFO] Phase N 'Chokehold' complete.
